..\plugins\costumeitem.ilk
..\plugins\costumeitem.pdb
C:\Users\Michael\Desktop\Hercules\costumeitem\..\plugins\costumeitem.dll
C:\Users\Michael\Desktop\Hercules\costumeitem\costumeitem\Debug\cl.command.1.tlog
C:\Users\Michael\Desktop\Hercules\costumeitem\costumeitem\Debug\CL.read.1.tlog
C:\Users\Michael\Desktop\Hercules\costumeitem\costumeitem\Debug\CL.write.1.tlog
C:\USERS\MICHAEL\DESKTOP\HERCULES\COSTUMEITEM\COSTUMEITEM\DEBUG\COSTUMEITEM.DLL.INTERMEDIATE.MANIFEST
C:\USERS\MICHAEL\DESKTOP\HERCULES\COSTUMEITEM\COSTUMEITEM\DEBUG\COSTUMEITEM.OBJ
C:\Users\Michael\Desktop\Hercules\costumeitem\costumeitem\Debug\costumeitem.vcxprojResolveAssemblyReference.cache
C:\Users\Michael\Desktop\Hercules\costumeitem\costumeitem\Debug\costumeitem.write.1.tlog
C:\Users\Michael\Desktop\Hercules\costumeitem\costumeitem\Debug\link.command.1.tlog
C:\Users\Michael\Desktop\Hercules\costumeitem\costumeitem\Debug\link.read.1.tlog
C:\Users\Michael\Desktop\Hercules\costumeitem\costumeitem\Debug\link.write.1.tlog
C:\Users\Michael\Desktop\Hercules\costumeitem\costumeitem\Debug\mt.command.1.tlog
C:\Users\Michael\Desktop\Hercules\costumeitem\costumeitem\Debug\mt.read.1.tlog
C:\Users\Michael\Desktop\Hercules\costumeitem\costumeitem\Debug\mt.write.1.tlog
C:\Users\Michael\Desktop\Hercules\costumeitem\costumeitem\Debug\vc90.idb
C:\USERS\MICHAEL\DESKTOP\HERCULES\COSTUMEITEM\COSTUMEITEM\DEBUG\VC90.PDB
C:\USERS\MICHAEL\DESKTOP\HERCULES\PLUGINS\COSTUMEITEM.DLL
C:\Users\Michael\Desktop\Hercules\plugins\costumeitem.exp
C:\USERS\MICHAEL\DESKTOP\HERCULES\PLUGINS\COSTUMEITEM.ILK
C:\Users\Michael\Desktop\Hercules\plugins\costumeitem.lib
C:\USERS\MICHAEL\DESKTOP\HERCULES\PLUGINS\COSTUMEITEM.PDB
